0 info it worked if it ends with ok
1 verbose cli [ '/usr/bin/nodejs', '/usr/bin/npm', 'run', 'deploy' ]
2 info using npm@3.10.10
3 info using node@v6.11.1
4 verbose run-script [ 'predeploy', 'deploy', 'postdeploy' ]
5 info lifecycle countdownchamp@0.1.0~predeploy: countdownchamp@0.1.0
6 verbose lifecycle countdownchamp@0.1.0~predeploy: unsafe-perm in lifecycle true
7 verbose lifecycle countdownchamp@0.1.0~predeploy: PATH: /usr/lib/node_modules/npm/bin/node-gyp-bin:/media/deshawn/My Passport/Web Development/react/countdownchamp/node_modules/.bin:/home/deshawn/.rbenv/plugins/ruby-build/bin:/home/deshawn/.rbenv/shims:/home/deshawn/.rbenv/bin:/home/deshawn/bin:/home/deshawn/.local/bin:/usr/local/sbin:/usr/local/bin:/usr/sbin:/usr/bin:/sbin:/bin:/usr/games:/usr/local/games
8 verbose lifecycle countdownchamp@0.1.0~predeploy: CWD: /media/deshawn/My Passport/Web Development/react/countdownchamp
9 silly lifecycle countdownchamp@0.1.0~predeploy: Args: [ '-c', 'npm run build' ]
10 silly lifecycle countdownchamp@0.1.0~predeploy: Returned: code: 0  signal: null
11 info lifecycle countdownchamp@0.1.0~deploy: countdownchamp@0.1.0
12 verbose lifecycle countdownchamp@0.1.0~deploy: unsafe-perm in lifecycle true
13 verbose lifecycle countdownchamp@0.1.0~deploy: PATH: /usr/lib/node_modules/npm/bin/node-gyp-bin:/media/deshawn/My Passport/Web Development/react/countdownchamp/node_modules/.bin:/home/deshawn/.rbenv/plugins/ruby-build/bin:/home/deshawn/.rbenv/shims:/home/deshawn/.rbenv/bin:/home/deshawn/bin:/home/deshawn/.local/bin:/usr/local/sbin:/usr/local/bin:/usr/sbin:/usr/bin:/sbin:/bin:/usr/games:/usr/local/games
14 verbose lifecycle countdownchamp@0.1.0~deploy: CWD: /media/deshawn/My Passport/Web Development/react/countdownchamp
15 silly lifecycle countdownchamp@0.1.0~deploy: Args: [ '-c', 'gh-pages -d build' ]
16 silly lifecycle countdownchamp@0.1.0~deploy: Returned: code: 1  signal: null
17 info lifecycle countdownchamp@0.1.0~deploy: Failed to exec deploy script
18 verbose stack Error: countdownchamp@0.1.0 deploy: `gh-pages -d build`
18 verbose stack Exit status 1
18 verbose stack     at EventEmitter.<anonymous> (/usr/lib/node_modules/npm/lib/utils/lifecycle.js:255:16)
18 verbose stack     at emitTwo (events.js:106:13)
18 verbose stack     at EventEmitter.emit (events.js:191:7)
18 verbose stack     at ChildProcess.<anonymous> (/usr/lib/node_modules/npm/lib/utils/spawn.js:40:14)
18 verbose stack     at emitTwo (events.js:106:13)
18 verbose stack     at ChildProcess.emit (events.js:191:7)
18 verbose stack     at maybeClose (internal/child_process.js:891:16)
18 verbose stack     at Process.ChildProcess._handle.onexit (internal/child_process.js:226:5)
19 verbose pkgid countdownchamp@0.1.0
20 verbose cwd /media/deshawn/My Passport/Web Development/react/countdownchamp/build
21 error Linux 4.4.0-83-generic
22 error argv "/usr/bin/nodejs" "/usr/bin/npm" "run" "deploy"
23 error node v6.11.1
24 error npm  v3.10.10
25 error code ELIFECYCLE
26 error countdownchamp@0.1.0 deploy: `gh-pages -d build`
26 error Exit status 1
27 error Failed at the countdownchamp@0.1.0 deploy script 'gh-pages -d build'.
27 error Make sure you have the latest version of node.js and npm installed.
27 error If you do, this is most likely a problem with the countdownchamp package,
27 error not with npm itself.
27 error Tell the author that this fails on your system:
27 error     gh-pages -d build
27 error You can get information on how to open an issue for this project with:
27 error     npm bugs countdownchamp
27 error Or if that isn't available, you can get their info via:
27 error     npm owner ls countdownchamp
27 error There is likely additional logging output above.
28 verbose exit [ 1, true ]
